[33mcomponent-class-suffix does not yet have an ESLint equivalent.[39m
[33mcomponent-selector does not yet have an ESLint equivalent.[39m
[33mconsecutive-overloads does not yet have an ESLint equivalent.[39m
[33mdirective-class-suffix does not yet have an ESLint equivalent.[39m
[33mdirective-selector does not yet have an ESLint equivalent.[39m
[33mimport-blacklist does not yet have an ESLint equivalent.[39m
[33mimport-spacing does not yet have an ESLint equivalent.[39m
[33mjsdoc-format does not yet have an ESLint equivalent.[39m
[33mno-accessor-field-mismatch does not yet have an ESLint equivalent.[39m
[33mno-all-duplicated-branches does not yet have an ESLint equivalent.[39m
[33mno-array-delete does not yet have an ESLint equivalent.[39m
[33mno-case-with-or does not yet have an ESLint equivalent.[39m
[33mno-collapsible-if does not yet have an ESLint equivalent.[39m
[33mno-collection-size-mischeck does not yet have an ESLint equivalent.[39m
[33mno-dead-store does not yet have an ESLint equivalent.[39m
[33mno-duplicate-in-composite does not yet have an ESLint equivalent.[39m
[33mno-element-overwrite does not yet have an ESLint equivalent.[39m
[33mno-extra-semicolon does not yet have an ESLint equivalent.[39m
[33mno-gratuitous-expressions does not yet have an ESLint equivalent.[39m
[33mno-host-metadata-property does not yet have an ESLint equivalent.[39m
[33mno-identical-conditions does not yet have an ESLint equivalent.[39m
[33mno-identical-expressions does not yet have an ESLint equivalent.[39m
[33mno-ignored-initial-value does not yet have an ESLint equivalent.[39m
[33mno-ignored-return does not yet have an ESLint equivalent.[39m
[33mno-in-misuse does not yet have an ESLint equivalent.[39m
[33mno-inputs-metadata-property does not yet have an ESLint equivalent.[39m
[33mno-invalid-await does not yet have an ESLint equivalent.[39m
[33mno-invariant-return does not yet have an ESLint equivalent.[39m
[33mno-inverted-boolean-check does not yet have an ESLint equivalent.[39m
[33mno-misleading-array-reverse does not yet have an ESLint equivalent.[39m
[33mno-misspelled-operator does not yet have an ESLint equivalent.[39m
[33mno-multiline-string-literals does not yet have an ESLint equivalent.[39m
[33mno-nested-template-literals does not yet have an ESLint equivalent.[39m
[33mno-outputs-metadata-property does not yet have an ESLint equivalent.[39m
[33mno-redundant-boolean does not yet have an ESLint equivalent.[39m
[33mno-redundant-jump does not yet have an ESLint equivalent.[39m
[33mno-redundant-parentheses does not yet have an ESLint equivalent.[39m
[33mno-reference-import does not yet have an ESLint equivalent.[39m
[33mno-return-type-any does not yet have an ESLint equivalent.[39m
[33mno-same-line-conditional does not yet have an ESLint equivalent.[39m
[33mno-self-assignment does not yet have an ESLint equivalent.[39m
[33mno-small-switch does not yet have an ESLint equivalent.[39m
[33mno-statements-same-line does not yet have an ESLint equivalent.[39m
[33mno-unconditional-jump does not yet have an ESLint equivalent.[39m
[33mno-undefined-argument does not yet have an ESLint equivalent.[39m
[33mno-unenclosed-multiline-block does not yet have an ESLint equivalent.[39m
[33mno-unthrown-error does not yet have an ESLint equivalent.[39m
[33mno-unused-array does not yet have an ESLint equivalent.[39m
[33mno-use-of-empty-return-value does not yet have an ESLint equivalent.[39m
[33mno-useless-cast does not yet have an ESLint equivalent.[39m
[33mno-useless-increment does not yet have an ESLint equivalent.[39m
[33mno-useless-intersection does not yet have an ESLint equivalent.[39m
[33mno-variable-usage-before-declaration does not yet have an ESLint equivalent.[39m
[33mone-line does not yet have an ESLint equivalent.[39m
[33mparameters-max-number does not yet have an ESLint equivalent.[39m
[33mprefer-default-last does not yet have an ESLint equivalent.[39m
[33mprefer-immediate-return does not yet have an ESLint equivalent.[39m
[33mprefer-optional does not yet have an ESLint equivalent.[39m
[33mprefer-promise-shorthand does not yet have an ESLint equivalent.[39m
[33muse-life-cycle-interface does not yet have an ESLint equivalent.[39m
[33muse-pipe-transform-interface does not yet have an ESLint equivalent.[39m
[33muse-primitive-type does not yet have an ESLint equivalent.[39m
[33muse-type-alias does not yet have an ESLint equivalent.[39m
[33mwhitespace does not yet have an ESLint equivalent.[39m
[33m[39m[33meditor.formatOnSave does not yet have an ESLint equivalent.[39m
[33m[39m